<?xml version="1.0" encoding="UTF-8"?>
<!-- Generated by org.testng.reporters.JUnitReportReporter -->
<testsuite hostname="DESKTOP-IQ2RT80" failures="0" tests="3" name="runners.TestRunner" time="90.929" errors="0" timestamp="2024-10-27T09:29:11 GMT-06:00" skipped="0">
  <testcase classname="runners.TestRunner" name="runScenario" time="28.927"/>
  <testcase classname="runners.TestRunner" name="runScenario" time="33.075"/>
  <testcase classname="runners.TestRunner" name="runScenario" time="28.927"/>
</testsuite> <!-- runners.TestRunner -->
